<?xml version="1.0" encoding="UTF-8"?>
<!-- Generated by org.testng.reporters.JUnitReportReporter -->
<testsuite hostname="Vijay" failures="0" tests="1" name="com.tests.Login" time="3.047" errors="0" timestamp="2023-05-04T01:43:03 IST" skipped="0">
  <testcase classname="com.tests.Login" name="testLogin" time="3.047"/>
  <system-out/>
</testsuite> <!-- com.tests.Login -->
